2024-11-26 16:46:44,912 [main] INFO OpenCart - *** Launching browser ***
2024-11-26 16:47:04,800 [main] INFO OpenCart - *** Opening URL ***
2024-11-26 16:47:54,760 [main] INFO OpenCart - *** Providing login details ***
2024-11-26 16:47:57,776 [main] INFO OpenCart - *** Login passed ***
2024-11-26 16:47:57,794 [main] INFO OpenCart - *** Login started ***
2024-11-26 16:48:08,389 [main] INFO OpenCart - *** Login passed ***
2024-11-26 16:48:08,403 [main] INFO OpenCart - *** Click on Logout button ***
2024-11-26 16:48:12,680 [main] INFO OpenCart - *** Browser closed ***
2024-11-26 16:48:23,255 [main] INFO OpenCart - *** Launching browser ***
2024-11-26 16:48:50,688 [main] INFO OpenCart - *** Opening URL ***
2024-11-26 16:49:03,297 [main] INFO OpenCart - *** Providing login details ***
2024-11-26 16:49:05,629 [main] INFO OpenCart - *** Login passed ***
2024-11-26 16:49:05,642 [main] INFO OpenCart - *** Login started ***
2024-11-26 16:49:08,416 [main] INFO OpenCart - *** Login passed ***
2024-11-26 16:49:08,434 [main] INFO OpenCart - *** Click on Logout button ***
2024-11-26 16:49:12,687 [main] INFO OpenCart - *** Browser closed ***
2024-11-26 16:49:29,303 [main] INFO OpenCart - *** Launching browser ***
2024-11-26 16:49:47,877 [main] INFO OpenCart - *** Opening URL ***
2024-11-26 16:50:16,234 [main] INFO OpenCart - *** Providing login details ***
2024-11-26 16:50:20,418 [main] INFO OpenCart - *** Login passed ***
2024-11-26 16:50:20,430 [main] INFO OpenCart - *** Login started ***
2024-11-26 21:41:07,425 [main] INFO OpenCart - *** Launching browser ***
2024-11-26 21:41:46,061 [main] INFO OpenCart - *** Opening URL ***
2024-11-26 21:42:33,203 [main] INFO OpenCart - *** Browser closed ***
2024-11-26 21:45:49,962 [main] INFO OpenCart - *** Launching browser ***
2024-11-26 21:46:22,559 [main] INFO OpenCart - *** Opening URL ***
2024-11-26 21:46:43,074 [main] INFO OpenCart - *** Providing login details ***
2024-11-26 21:46:49,604 [main] INFO OpenCart - *** Login passed ***
2024-11-26 21:46:49,699 [main] INFO OpenCart - *** Login started ***
2024-11-26 21:47:33,498 [main] INFO OpenCart - *** Login passed ***
2024-11-26 21:47:33,528 [main] INFO OpenCart - *** Click on Logout button ***
2024-11-26 21:47:38,285 [main] INFO OpenCart - *** Browser closed ***
2024-11-26 21:48:18,406 [main] INFO OpenCart - *** Launching browser ***
2024-11-26 21:48:42,835 [main] INFO OpenCart - *** Opening URL ***
2024-11-26 21:48:54,759 [main] INFO OpenCart - *** Providing login details ***
2024-11-26 21:48:55,157 [main] INFO OpenCart - *** Login passed ***
2024-11-26 21:48:55,168 [main] INFO OpenCart - *** Login started ***
2024-11-26 21:49:10,691 [main] INFO OpenCart - *** Login passed ***
2024-11-26 21:49:10,761 [main] INFO OpenCart - *** Click on Logout button ***
2024-11-26 21:49:16,412 [main] INFO OpenCart - *** Browser closed ***
2024-11-26 21:49:29,615 [main] INFO OpenCart - *** Launching browser ***
2024-11-26 21:50:00,457 [main] INFO OpenCart - *** Opening URL ***
2024-11-26 21:50:09,750 [main] INFO OpenCart - *** Providing login details ***
2024-11-26 21:50:10,450 [main] INFO OpenCart - *** Login passed ***
2024-11-26 21:50:10,462 [main] INFO OpenCart - *** Login started ***
2024-11-26 21:57:50,212 [main] INFO OpenCart - *** Launching browser ***
2024-11-26 21:58:02,593 [main] INFO OpenCart - *** Opening URL ***
2024-11-26 21:58:11,914 [main] INFO OpenCart - *** Providing login details ***
2024-11-26 21:58:14,199 [main] INFO OpenCart - *** Login passed ***
2024-11-26 21:58:14,218 [main] INFO OpenCart - *** Login started ***
2024-11-26 21:58:22,242 [main] INFO OpenCart - *** Login passed ***
2024-11-26 21:58:22,258 [main] INFO OpenCart - *** Click on Logout button ***
2024-11-26 21:58:26,632 [main] INFO OpenCart - *** Browser closed ***
2024-11-26 21:58:36,592 [main] INFO OpenCart - *** Launching browser ***
2024-11-26 21:58:49,985 [main] INFO OpenCart - *** Opening URL ***
2024-11-26 21:58:58,046 [main] INFO OpenCart - *** Providing login details ***
2024-11-26 21:58:58,493 [main] INFO OpenCart - *** Login passed ***
2024-11-26 21:58:58,505 [main] INFO OpenCart - *** Login started ***
2024-11-26 22:01:40,743 [main] INFO OpenCart - *** Launching browser ***
2024-11-26 22:01:51,610 [main] INFO OpenCart - *** Opening URL ***
2024-11-26 22:01:58,730 [main] INFO OpenCart - *** Providing login details ***
2024-11-26 22:02:01,589 [main] INFO OpenCart - *** Login passed ***
2024-11-26 22:02:01,658 [main] INFO OpenCart - *** Login started ***
2024-11-26 22:02:17,180 [main] INFO OpenCart - *** Login passed ***
2024-11-26 22:02:17,206 [main] INFO OpenCart - *** Click on Logout button ***
2024-11-26 22:02:22,631 [main] INFO OpenCart - *** Browser closed ***
2024-11-26 22:02:48,237 [main] INFO OpenCart - *** Launching browser ***
2024-11-26 22:02:57,400 [main] INFO OpenCart - *** Opening URL ***
2024-11-26 22:03:01,553 [main] INFO OpenCart - *** Providing login details ***
2024-11-26 22:03:02,008 [main] INFO OpenCart - *** Login passed ***
2024-11-26 22:03:02,018 [main] INFO OpenCart - *** Login started ***
2024-11-26 22:03:05,923 [main] INFO OpenCart - *** Login passed ***
2024-11-26 22:03:05,945 [main] INFO OpenCart - *** Click on Logout button ***
2024-11-26 22:03:09,867 [main] INFO OpenCart - *** Browser closed ***
2024-11-26 22:03:15,802 [main] INFO OpenCart - *** Launching browser ***
2024-11-26 22:03:41,436 [main] INFO OpenCart - *** Opening URL ***
2024-11-26 22:03:48,999 [main] INFO OpenCart - *** Providing login details ***
2024-11-26 22:03:49,470 [main] INFO OpenCart - *** Login passed ***
2024-11-26 22:03:49,482 [main] INFO OpenCart - *** Login started ***
2024-11-26 22:04:10,900 [main] INFO OpenCart - *** Browser closed ***
2024-11-26 22:25:44,128 [main] INFO OpenCart - *** Browser closed ***
2024-11-26 22:26:56,309 [main] INFO OpenCart - *** Launching browser ***
2024-11-26 22:27:25,441 [main] INFO OpenCart - *** Opening URL ***
2024-11-26 22:27:32,820 [main] INFO OpenCart - *** Browser closed ***
2024-11-26 22:37:33,272 [main] INFO OpenCart - *** Launching browser ***
2024-11-26 22:37:49,719 [main] INFO OpenCart - *** Opening URL ***
2024-11-26 22:38:06,818 [main] INFO OpenCart - *** Providing login details ***
2024-11-26 22:38:09,315 [main] INFO OpenCart - *** Login started ***
2024-11-26 22:38:44,217 [main] INFO OpenCart - *** Adding new customer ***
2024-11-26 22:38:44,217 [main] INFO OpenCart - *** Providing customer details ***
2024-11-26 22:38:46,001 [main] INFO OpenCart - *** Saving customer data ***
2024-11-26 22:38:48,214 [main] INFO OpenCart - *** Browser closed ***
2024-11-26 22:39:00,079 [main] INFO OpenCart - *** Launching browser ***
2024-11-26 22:39:24,967 [main] INFO OpenCart - *** Opening URL ***
2024-11-26 22:39:44,955 [main] INFO OpenCart - *** Providing login details ***
2024-11-26 22:50:16,508 [main] INFO OpenCart - *** Launching browser ***
2024-11-26 22:50:36,229 [main] INFO OpenCart - *** Opening URL ***
2024-11-26 22:50:53,718 [main] INFO OpenCart - *** Providing login details ***
2024-11-26 22:50:58,789 [main] INFO OpenCart - *** Login started ***
2024-11-26 22:51:18,076 [main] INFO OpenCart - *** Adding new customer ***
2024-11-26 22:51:18,076 [main] INFO OpenCart - *** Providing customer details ***
2024-11-26 22:51:21,315 [main] INFO OpenCart - *** Saving customer data ***
2024-11-26 22:51:23,652 [main] INFO OpenCart - *** Browser closed ***
2024-11-26 22:51:40,948 [main] INFO OpenCart - *** Launching browser ***
2024-11-26 22:52:16,737 [main] INFO OpenCart - *** Opening URL ***
2024-11-26 22:52:43,199 [main] INFO OpenCart - *** Providing login details ***
2024-11-26 22:52:48,137 [main] INFO OpenCart - *** Login started ***
2024-11-26 22:53:03,466 [main] INFO OpenCart - *** Searching customer by email ***
2024-11-26 22:53:34,013 [main] INFO OpenCart - *** Launching browser ***
2024-11-26 22:54:28,956 [main] INFO OpenCart - *** Opening URL ***
2024-11-26 22:54:43,255 [main] INFO OpenCart - *** Providing login details ***
2024-11-26 22:54:43,910 [main] INFO OpenCart - *** Login started ***
2024-11-26 22:55:02,870 [main] INFO OpenCart - *** Searching customer by name ***
2024-11-26 22:55:03,682 [main] INFO OpenCart - *** Browser closed ***
2024-11-26 22:55:38,837 [main] INFO OpenCart - *** Launching browser ***
2024-11-26 22:56:07,013 [main] INFO OpenCart - *** Opening URL ***
2024-11-26 22:56:15,749 [main] INFO OpenCart - *** Providing login details ***
2024-11-26 22:56:16,745 [main] INFO OpenCart - *** Login passed ***
2024-11-26 22:56:16,876 [main] INFO OpenCart - *** Login started ***
2024-11-26 22:56:25,390 [main] INFO OpenCart - *** Login passed ***
2024-11-26 22:56:25,433 [main] INFO OpenCart - *** Click on Logout button ***
2024-11-26 22:56:34,353 [main] INFO OpenCart - *** Browser closed ***
2024-11-26 22:57:11,206 [main] INFO OpenCart - *** Launching browser ***
2024-11-26 22:57:34,381 [main] INFO OpenCart - *** Opening URL ***
2024-11-26 22:57:48,740 [main] INFO OpenCart - *** Providing login details ***
2024-11-26 22:57:49,212 [main] INFO OpenCart - *** Login passed ***
2024-11-26 22:57:49,227 [main] INFO OpenCart - *** Login started ***
2024-11-26 22:57:58,332 [main] INFO OpenCart - *** Login passed ***
2024-11-26 22:57:58,346 [main] INFO OpenCart - *** Click on Logout button ***
2024-11-26 22:58:04,817 [main] INFO OpenCart - *** Browser closed ***
2024-11-26 22:58:25,799 [main] INFO OpenCart - *** Launching browser ***
2024-11-26 22:58:36,625 [main] INFO OpenCart - *** Opening URL ***
2024-11-26 22:58:50,305 [main] INFO OpenCart - *** Providing login details ***
2024-11-26 22:58:52,638 [main] INFO OpenCart - *** Login passed ***
2024-11-26 22:58:52,653 [main] INFO OpenCart - *** Login started ***
2024-11-26 23:01:32,356 [main] INFO OpenCart - *** Launching browser ***
2024-11-26 23:01:38,612 [main] INFO OpenCart - *** Opening URL ***
2024-11-26 23:01:44,161 [main] INFO OpenCart - *** Providing login details ***
2024-11-26 23:01:44,636 [main] INFO OpenCart - *** Login started ***
2024-11-26 23:02:03,809 [main] INFO OpenCart - *** Adding new customer ***
2024-11-26 23:02:03,811 [main] INFO OpenCart - *** Providing customer details ***
2024-11-26 23:02:05,835 [main] INFO OpenCart - *** Saving customer data ***
2024-11-26 23:02:06,749 [main] INFO OpenCart - *** Browser closed ***
2024-11-26 23:02:10,748 [main] INFO OpenCart - *** Launching browser ***
2024-11-26 23:02:16,311 [main] INFO OpenCart - *** Opening URL ***
2024-11-26 23:02:23,003 [main] INFO OpenCart - *** Providing login details ***
2024-11-26 23:02:23,478 [main] INFO OpenCart - *** Login started ***
2024-11-26 23:02:30,837 [main] INFO OpenCart - *** Searching customer by email ***
2024-11-26 23:02:31,921 [main] INFO OpenCart - *** Browser closed ***
2024-11-26 23:02:36,660 [main] INFO OpenCart - *** Launching browser ***
2024-11-26 23:02:51,640 [main] INFO OpenCart - *** Opening URL ***
2024-11-26 23:02:57,048 [main] INFO OpenCart - *** Providing login details ***
2024-11-26 23:02:57,588 [main] INFO OpenCart - *** Login started ***
2024-11-26 23:03:02,903 [main] INFO OpenCart - *** Searching customer by name ***
2024-11-26 23:03:04,043 [main] INFO OpenCart - *** Browser closed ***
2024-11-26 23:03:17,534 [main] INFO OpenCart - *** Launching browser ***
2024-11-26 23:03:40,321 [main] INFO OpenCart - *** Opening URL ***
2024-11-26 23:04:16,670 [main] INFO OpenCart - *** Providing login details ***
2024-11-26 23:04:23,585 [main] INFO OpenCart - *** Login passed ***
2024-11-26 23:04:23,605 [main] INFO OpenCart - *** Login started ***
2024-11-26 23:04:33,827 [main] INFO OpenCart - *** Login passed ***
2024-11-26 23:04:33,838 [main] INFO OpenCart - *** Click on Logout button ***
2024-11-26 23:04:43,341 [main] INFO OpenCart - *** Browser closed ***
2024-11-26 23:05:28,063 [main] INFO OpenCart - *** Launching browser ***
2024-11-26 23:05:50,794 [main] INFO OpenCart - *** Opening URL ***
2024-11-26 23:06:04,875 [main] INFO OpenCart - *** Providing login details ***
2024-11-26 23:06:05,760 [main] INFO OpenCart - *** Login passed ***
2024-11-26 23:06:05,772 [main] INFO OpenCart - *** Login started ***
2024-11-26 23:06:09,275 [main] INFO OpenCart - *** Login passed ***
2024-11-26 23:06:09,287 [main] INFO OpenCart - *** Click on Logout button ***
2024-11-26 23:06:14,008 [main] INFO OpenCart - *** Browser closed ***
2024-11-26 23:06:24,141 [main] INFO OpenCart - *** Launching browser ***
2024-11-26 23:06:36,211 [main] INFO OpenCart - *** Opening URL ***
2024-11-26 23:06:45,995 [main] INFO OpenCart - *** Providing login details ***
2024-11-26 23:06:46,512 [main] INFO OpenCart - *** Login passed ***
2024-11-26 23:06:46,523 [main] INFO OpenCart - *** Login started ***
2024-11-27 14:06:59,173 [main] INFO OpenCart - *** Launching browser ***
2024-11-27 14:07:09,905 [main] INFO OpenCart - *** Opening URL ***
2024-11-27 14:07:24,567 [main] INFO OpenCart - *** Providing login details ***
2024-11-27 14:07:26,411 [main] INFO OpenCart - *** Login started ***
2024-11-27 14:07:45,654 [main] INFO OpenCart - *** Adding new customer ***
2024-11-27 14:07:45,656 [main] INFO OpenCart - *** Providing customer details ***
2024-11-27 14:07:51,806 [main] INFO OpenCart - *** Saving customer data ***
2024-11-27 14:23:15,080 [main] INFO OpenCart - *** Launching browser ***
2024-11-27 14:24:02,244 [main] INFO OpenCart - *** Opening URL ***
2024-11-27 14:25:17,750 [main] INFO OpenCart - *** Providing login details ***
2024-11-27 14:25:26,507 [main] INFO OpenCart - *** Login started ***
2024-11-27 14:26:23,002 [main] INFO OpenCart - *** Adding new customer ***
2024-11-27 14:26:23,003 [main] INFO OpenCart - *** Providing customer details ***
2024-11-27 15:09:36,420 [main] INFO OpenCart - *** Launching browser ***
2024-11-27 15:10:03,196 [main] INFO OpenCart - *** Opening URL ***
2024-11-27 15:10:27,731 [main] INFO OpenCart - *** Providing login details ***
2024-11-27 15:10:30,140 [main] INFO OpenCart - *** Login started ***
2024-11-27 15:11:18,288 [main] INFO OpenCart - *** Adding new customer ***
2024-11-27 15:11:18,289 [main] INFO OpenCart - *** Providing customer details ***
2024-11-27 15:11:20,822 [main] INFO OpenCart - *** Saving customer data ***
2024-11-27 15:26:36,590 [main] INFO OpenCart - *** Launching browser ***
2024-11-27 15:26:57,527 [main] INFO OpenCart - *** Opening URL ***
2024-11-27 15:27:15,306 [main] INFO OpenCart - *** Providing login details ***
2024-11-27 15:27:16,086 [main] INFO OpenCart - *** Login started ***
2024-11-27 15:27:45,409 [main] INFO OpenCart - *** Adding new customer ***
2024-11-27 15:27:45,417 [main] INFO OpenCart - *** Providing customer details ***
2024-11-27 15:37:35,059 [main] INFO OpenCart - *** Launching browser ***
2024-11-27 15:38:01,007 [main] INFO OpenCart - *** Opening URL ***
2024-11-27 15:38:25,729 [main] INFO OpenCart - *** Providing login details ***
2024-11-27 15:38:29,031 [main] INFO OpenCart - *** Login started ***
2024-11-27 15:39:10,928 [main] INFO OpenCart - *** Adding new customer ***
2024-11-27 15:39:10,929 [main] INFO OpenCart - *** Providing customer details ***
2024-11-27 15:49:40,937 [main] INFO OpenCart - *** Launching browser ***
2024-11-27 15:50:50,465 [main] INFO OpenCart - *** Opening URL ***
2024-11-27 15:51:07,509 [main] INFO OpenCart - *** Providing login details ***
2024-11-27 15:51:08,980 [main] INFO OpenCart - *** Login started ***
2024-11-27 15:51:30,993 [main] INFO OpenCart - *** Adding new customer ***
2024-11-27 15:51:31,017 [main] INFO OpenCart - *** Providing customer details ***
2024-11-27 15:54:16,999 [main] INFO OpenCart - *** Launching browser ***
2024-11-27 15:54:32,297 [main] INFO OpenCart - *** Opening URL ***
2024-11-27 15:54:44,270 [main] INFO OpenCart - *** Providing login details ***
2024-11-27 15:54:47,575 [main] INFO OpenCart - *** Login started ***
2024-11-27 15:55:08,474 [main] INFO OpenCart - *** Adding new customer ***
2024-11-27 15:55:08,475 [main] INFO OpenCart - *** Providing customer details ***
2024-11-27 16:00:07,190 [main] INFO OpenCart - *** Launching browser ***
2024-11-27 16:00:28,460 [main] INFO OpenCart - *** Opening URL ***
2024-11-27 16:00:39,279 [main] INFO OpenCart - *** Providing login details ***
2024-11-27 16:00:40,539 [main] INFO OpenCart - *** Login started ***
2024-11-27 16:01:12,056 [main] INFO OpenCart - *** Adding new customer ***
2024-11-27 16:01:12,057 [main] INFO OpenCart - *** Providing customer details ***
2024-11-27 16:06:30,651 [main] INFO OpenCart - *** Launching browser ***
2024-11-27 16:07:57,039 [main] INFO OpenCart - *** Opening URL ***
2024-11-27 16:08:40,687 [main] INFO OpenCart - *** Launching browser ***
2024-11-27 16:08:41,878 [main] INFO OpenCart - *** Opening URL ***
2024-11-27 16:09:05,009 [main] INFO OpenCart - *** Providing login details ***
2024-11-27 16:09:05,904 [main] INFO OpenCart - *** Login started ***
2024-11-27 16:09:27,691 [main] INFO OpenCart - *** Adding new customer ***
2024-11-27 16:09:27,693 [main] INFO OpenCart - *** Providing customer details ***
2024-11-27 16:19:04,255 [main] INFO OpenCart - *** Launching browser ***
2024-11-27 16:19:04,985 [main] INFO OpenCart - *** Opening URL ***
2024-11-27 16:19:12,948 [main] INFO OpenCart - *** Providing login details ***
2024-11-27 16:19:16,320 [main] INFO OpenCart - *** Login started ***
2024-11-27 16:19:43,602 [main] INFO OpenCart - *** Adding new customer ***
2024-11-27 16:19:43,604 [main] INFO OpenCart - *** Providing customer details ***
2024-11-27 16:26:02,554 [main] INFO OpenCart - *** Launching browser ***
2024-11-27 16:28:31,784 [main] INFO OpenCart - *** Opening URL ***
2024-11-27 16:29:43,702 [main] INFO OpenCart - *** Launching browser ***
2024-11-27 16:29:45,048 [main] INFO OpenCart - *** Opening URL ***
2024-11-27 16:30:10,367 [main] INFO OpenCart - *** Providing login details ***
2024-11-27 16:30:15,540 [main] INFO OpenCart - *** Login started ***
2024-11-27 16:30:40,844 [main] INFO OpenCart - *** Adding new customer ***
2024-11-27 16:30:40,844 [main] INFO OpenCart - *** Providing customer details ***
2024-11-27 16:30:47,639 [main] INFO OpenCart - *** Saving customer data ***
2024-11-27 16:48:02,586 [main] INFO OpenCart - *** Launching browser ***
2024-11-27 16:48:03,475 [main] INFO OpenCart - *** Opening URL ***
2024-11-27 16:48:19,992 [main] INFO OpenCart - *** Providing login details ***
2024-11-27 16:48:23,527 [main] INFO OpenCart - *** Login started ***
2024-11-27 16:48:52,191 [main] INFO OpenCart - *** Adding new customer ***
2024-11-27 16:48:52,194 [main] INFO OpenCart - *** Providing customer details ***
2024-11-27 17:03:19,289 [main] INFO OpenCart - *** Launching browser ***
2024-11-27 17:03:19,755 [main] INFO OpenCart - *** Opening URL ***
2024-11-27 17:03:29,748 [main] INFO OpenCart - *** Providing login details ***
2024-11-27 17:03:30,882 [main] INFO OpenCart - *** Login started ***
2024-11-27 17:03:53,492 [main] INFO OpenCart - *** Adding new customer ***
2024-11-27 17:03:53,492 [main] INFO OpenCart - *** Providing customer details ***
2024-11-27 21:28:25,092 [main] INFO OpenCart - *** Launching browser ***
2024-11-27 21:28:25,815 [main] INFO OpenCart - *** Opening URL ***
2024-11-27 21:28:47,879 [main] INFO OpenCart - *** Providing login details ***
2024-11-27 21:28:49,131 [main] INFO OpenCart - *** Login started ***
2024-11-27 21:29:13,810 [main] INFO OpenCart - *** Adding new customer ***
2024-11-27 21:29:13,810 [main] INFO OpenCart - *** Providing customer details ***
2024-11-27 21:30:19,258 [main] INFO OpenCart - *** Saving customer data ***
2024-11-27 21:30:21,237 [main] INFO OpenCart - *** Browser closed ***
2024-11-27 21:39:21,857 [main] INFO OpenCart - *** Launching browser ***
2024-11-27 21:39:23,040 [main] INFO OpenCart - *** Opening URL ***
2024-11-27 21:39:34,686 [main] INFO OpenCart - *** Providing login details ***
2024-11-27 21:39:35,937 [main] INFO OpenCart - *** Login started ***
2024-11-27 21:39:58,257 [main] INFO OpenCart - *** Adding new customer ***
2024-11-27 21:39:58,258 [main] INFO OpenCart - *** Providing customer details ***
2024-11-27 21:45:21,126 [main] INFO OpenCart - *** Launching browser ***
2024-11-27 21:45:22,870 [main] INFO OpenCart - *** Opening URL ***
2024-11-27 21:45:33,792 [main] INFO OpenCart - *** Providing login details ***
2024-11-27 21:45:34,784 [main] INFO OpenCart - *** Login started ***
2024-11-27 21:45:59,747 [main] INFO OpenCart - *** Adding new customer ***
2024-11-27 21:45:59,762 [main] INFO OpenCart - *** Providing customer details ***
2024-11-27 21:51:40,003 [main] INFO OpenCart - *** Launching browser ***
2024-11-27 21:51:40,501 [main] INFO OpenCart - *** Opening URL ***
2024-11-27 21:51:47,156 [main] INFO OpenCart - *** Providing login details ***
2024-11-27 21:51:48,311 [main] INFO OpenCart - *** Login started ***
2024-11-27 21:52:06,332 [main] INFO OpenCart - *** Adding new customer ***
2024-11-27 21:52:06,332 [main] INFO OpenCart - *** Providing customer details ***
2024-11-27 22:00:35,218 [main] INFO OpenCart - *** Launching browser ***
2024-11-27 22:02:12,446 [main] INFO OpenCart - *** Opening URL ***
2024-11-27 22:02:55,478 [main] INFO OpenCart - *** Launching browser ***
2024-11-27 22:03:05,668 [main] INFO OpenCart - *** Opening URL ***
2024-11-27 22:03:17,740 [main] INFO OpenCart - *** Providing login details ***
2024-11-27 22:03:20,749 [main] INFO OpenCart - *** Login started ***
2024-11-27 22:03:36,834 [main] INFO OpenCart - *** Adding new customer ***
2024-11-27 22:03:36,835 [main] INFO OpenCart - *** Providing customer details ***
2024-11-27 22:04:38,880 [main] INFO OpenCart - *** Saving customer data ***
2024-11-27 22:04:40,197 [main] INFO OpenCart - *** Browser closed ***
2024-11-27 22:08:42,418 [main] INFO OpenCart - *** Launching browser ***
2024-11-27 22:08:42,918 [main] INFO OpenCart - *** Opening URL ***
2024-11-27 22:08:48,467 [main] INFO OpenCart - *** Providing login details ***
2024-11-27 22:08:49,380 [main] INFO OpenCart - *** Login started ***
2024-11-27 22:09:04,382 [main] INFO OpenCart - *** Adding new customer ***
2024-11-27 22:09:04,384 [main] INFO OpenCart - *** Providing customer details ***
2024-11-27 22:10:02,050 [main] INFO OpenCart - *** Saving customer data ***
2024-11-27 22:17:49,419 [main] INFO OpenCart - *** Launching browser ***
2024-11-27 22:20:26,316 [main] INFO OpenCart - *** Opening URL ***
2024-11-27 22:21:42,583 [main] INFO OpenCart - *** Launching browser ***
2024-11-27 22:21:43,150 [main] INFO OpenCart - *** Opening URL ***
2024-11-27 22:21:53,085 [main] INFO OpenCart - *** Providing login details ***
2024-11-27 22:21:54,203 [main] INFO OpenCart - *** Login started ***
2024-11-27 22:22:07,512 [main] INFO OpenCart - *** Adding new customer ***
2024-11-27 22:22:07,527 [main] INFO OpenCart - *** Providing customer details ***
2024-11-27 22:27:37,524 [main] INFO OpenCart - *** Launching browser ***
2024-11-27 22:27:38,340 [main] INFO OpenCart - *** Opening URL ***
2024-11-27 22:28:00,102 [main] INFO OpenCart - *** Providing login details ***
2024-11-27 22:28:03,881 [main] INFO OpenCart - *** Login started ***
2024-11-27 22:28:19,993 [main] INFO OpenCart - *** Adding new customer ***
2024-11-27 22:28:19,999 [main] INFO OpenCart - *** Providing customer details ***
2024-11-27 22:29:18,103 [main] INFO OpenCart - *** Saving customer data ***
2024-11-27 22:34:13,679 [main] INFO OpenCart - *** Launching browser ***
2024-11-27 22:34:14,367 [main] INFO OpenCart - *** Opening URL ***
2024-11-27 22:34:26,512 [main] INFO OpenCart - *** Providing login details ***
2024-11-27 22:34:27,382 [main] INFO OpenCart - *** Login started ***
2024-11-27 22:34:41,049 [main] INFO OpenCart - *** Adding new customer ***
2024-11-27 22:34:41,050 [main] INFO OpenCart - *** Providing customer details ***
2024-11-27 22:42:49,123 [main] INFO OpenCart - *** Launching browser ***
2024-11-27 22:42:50,031 [main] INFO OpenCart - *** Opening URL ***
2024-11-27 22:43:17,459 [main] INFO OpenCart - *** Providing login details ***
2024-11-27 22:43:18,925 [main] INFO OpenCart - *** Login started ***
2024-11-27 22:43:45,336 [main] INFO OpenCart - *** Adding new customer ***
2024-11-27 22:43:45,336 [main] INFO OpenCart - *** Providing customer details ***
2024-11-27 22:50:37,058 [main] INFO OpenCart - *** Launching browser ***
2024-11-27 22:50:42,401 [main] INFO OpenCart - *** Opening URL ***
2024-11-27 22:50:56,480 [main] INFO OpenCart - *** Providing login details ***
2024-11-27 22:50:58,631 [main] INFO OpenCart - *** Login started ***
2024-11-27 22:51:20,926 [main] INFO OpenCart - *** Adding new customer ***
2024-11-27 22:51:20,927 [main] INFO OpenCart - *** Providing customer details ***
2024-11-27 22:52:18,422 [main] INFO OpenCart - *** Saving customer data ***
2024-11-27 23:00:08,503 [main] INFO OpenCart - *** Launching browser ***
2024-11-27 23:00:09,041 [main] INFO OpenCart - *** Opening URL ***
2024-11-27 23:00:14,745 [main] INFO OpenCart - *** Providing login details ***
2024-11-27 23:00:15,426 [main] INFO OpenCart - *** Login started ***
2024-11-27 23:00:28,943 [main] INFO OpenCart - *** Adding new customer ***
2024-11-27 23:00:28,943 [main] INFO OpenCart - *** Providing customer details ***
2024-11-27 23:01:26,656 [main] INFO OpenCart - *** Saving customer data ***
2024-11-27 23:01:31,632 [main] INFO OpenCart - *** Browser closed ***
2024-11-27 23:06:10,498 [main] INFO OpenCart - *** Launching browser ***
2024-11-27 23:06:12,182 [main] INFO OpenCart - *** Opening URL ***
2024-11-27 23:06:22,143 [main] INFO OpenCart - *** Providing login details ***
2024-11-27 23:06:23,788 [main] INFO OpenCart - *** Login started ***
2024-11-27 23:06:40,444 [main] INFO OpenCart - *** Adding new customer ***
2024-11-27 23:06:40,446 [main] INFO OpenCart - *** Providing customer details ***
2024-11-27 23:06:45,635 [main] INFO OpenCart - *** Saving customer data ***
2024-11-27 23:06:47,788 [main] INFO OpenCart - *** Browser closed ***
2024-11-27 23:14:00,179 [main] INFO OpenCart - *** Launching browser ***
2024-11-27 23:16:17,019 [main] INFO OpenCart - *** Opening URL ***
2024-11-27 23:17:16,899 [main] INFO OpenCart - *** Launching browser ***
2024-11-27 23:17:20,886 [main] INFO OpenCart - *** Opening URL ***
2024-11-27 23:17:41,207 [main] INFO OpenCart - *** Providing login details ***
2024-11-27 23:17:43,755 [main] INFO OpenCart - *** Login started ***
2024-11-27 23:18:06,985 [main] INFO OpenCart - *** Adding new customer ***
2024-11-27 23:18:06,986 [main] INFO OpenCart - *** Providing customer details ***
2024-11-27 23:18:15,137 [main] INFO OpenCart - *** Saving customer data ***
2024-11-27 23:18:17,939 [main] INFO OpenCart - *** Browser closed ***
2024-11-28 12:01:31,969 [main] INFO OpenCart - *** Launching browser ***
2024-11-28 12:01:32,501 [main] INFO OpenCart - *** Opening URL ***
2024-11-28 12:01:37,124 [main] INFO OpenCart - *** Providing login details ***
2024-11-28 12:01:39,213 [main] INFO OpenCart - *** Login started ***
2024-11-28 12:01:47,950 [main] INFO OpenCart - *** Adding new customer ***
2024-11-28 12:01:47,952 [main] INFO OpenCart - *** Providing customer details ***
2024-11-28 12:01:56,496 [main] INFO OpenCart - *** Saving customer data ***
2024-11-28 12:01:57,793 [main] INFO OpenCart - *** Browser closed ***
2024-11-28 12:04:42,588 [main] INFO OpenCart - *** Launching browser ***
2024-11-28 12:04:43,261 [main] INFO OpenCart - *** Opening URL ***
2024-11-28 12:04:51,939 [main] INFO OpenCart - *** Providing login details ***
2024-11-28 12:04:56,408 [main] INFO OpenCart - *** Login started ***
2024-11-28 12:05:08,100 [main] INFO OpenCart - *** Adding new customer ***
2024-11-28 12:05:08,104 [main] INFO OpenCart - *** Providing customer details ***
2024-11-28 12:05:18,822 [main] INFO OpenCart - *** Saving customer data ***
2024-11-28 12:05:20,379 [main] INFO OpenCart - *** Browser closed ***
2024-11-28 12:21:25,495 [main] INFO OpenCart - *** Launching browser ***
2024-11-28 12:22:26,319 [main] INFO OpenCart - *** Opening URL ***
2024-11-28 12:23:27,034 [main] INFO OpenCart - *** Launching browser ***
2024-11-28 12:23:27,737 [main] INFO OpenCart - *** Opening URL ***
2024-11-28 12:23:37,543 [main] INFO OpenCart - *** Providing login details ***
2024-11-28 12:23:39,010 [main] INFO OpenCart - *** Login started ***
2024-11-28 12:23:51,564 [main] INFO OpenCart - *** Searching customer by name ***
2024-11-28 12:23:57,478 [main] INFO OpenCart - *** Browser closed ***
2024-11-28 12:37:12,997 [main] INFO OpenCart - *** Launching browser ***
2024-11-28 12:37:36,650 [main] INFO OpenCart - *** Opening URL ***
2024-11-28 12:38:11,596 [main] INFO OpenCart - *** Launching browser ***
2024-11-28 12:38:15,799 [main] INFO OpenCart - *** Opening URL ***
2024-11-28 12:38:32,705 [main] INFO OpenCart - *** Providing login details ***
2024-11-28 12:38:35,061 [main] INFO OpenCart - *** Login started ***
2024-11-28 12:38:50,987 [main] INFO OpenCart - *** Searching customer by name ***
2024-11-28 12:43:32,472 [main] INFO OpenCart - *** Launching browser ***
2024-11-28 12:44:39,088 [main] INFO OpenCart - *** Opening URL ***
2024-11-28 12:45:17,938 [main] INFO OpenCart - *** Launching browser ***
2024-11-28 12:45:21,111 [main] INFO OpenCart - *** Opening URL ***
2024-11-28 12:45:40,418 [main] INFO OpenCart - *** Providing login details ***
2024-11-28 12:45:44,134 [main] INFO OpenCart - *** Login started ***
2024-11-28 12:46:01,866 [main] INFO OpenCart - *** Searching customer by name ***
2024-11-28 12:46:04,538 [main] INFO OpenCart - *** Browser closed ***
2024-11-28 12:55:48,520 [main] INFO OpenCart - *** Launching browser ***
2024-11-28 12:57:42,065 [main] INFO OpenCart - *** Opening URL ***
2024-11-28 12:58:51,531 [main] INFO OpenCart - *** Launching browser ***
2024-11-28 12:58:52,761 [main] INFO OpenCart - *** Opening URL ***
2024-11-28 12:59:09,894 [main] INFO OpenCart - *** Providing login details ***
2024-11-28 12:59:11,711 [main] INFO OpenCart - *** Login started ***
2024-11-28 12:59:24,615 [main] INFO OpenCart - *** Searching customer by name ***
2024-11-28 13:03:42,666 [main] INFO OpenCart - *** Launching browser ***
2024-11-28 13:09:56,281 [main] INFO OpenCart - *** Launching browser ***
2024-11-28 13:09:57,506 [main] INFO OpenCart - *** Opening URL ***
2024-11-28 13:11:08,377 [main] INFO OpenCart - *** Providing login details ***
2024-11-28 13:11:10,913 [main] INFO OpenCart - *** Login started ***
2024-11-28 13:11:41,048 [main] INFO OpenCart - *** Searching customer by name ***
2024-11-28 13:11:42,287 [main] INFO OpenCart - *** Browser closed ***
2024-11-28 13:17:12,079 [main] INFO OpenCart - *** Launching browser ***
2024-11-28 13:23:38,343 [main] INFO OpenCart - *** Launching browser ***
2024-11-28 13:38:28,839 [main] INFO OpenCart - *** Launching browser ***
2024-11-28 13:38:30,043 [main] INFO OpenCart - *** Opening URL ***
2024-11-28 13:39:05,338 [main] INFO OpenCart - *** Providing login details ***
2024-11-28 13:39:16,616 [main] INFO OpenCart - *** Login started ***
2024-11-28 13:40:28,284 [main] INFO OpenCart - *** Searching customer by name ***
2024-11-28 13:40:33,509 [main] INFO OpenCart - *** Browser closed ***
2024-11-28 13:56:54,889 [main] INFO OpenCart - *** Launching browser ***
2024-11-28 13:57:02,482 [main] INFO OpenCart - *** Opening URL ***
2024-11-28 13:58:20,040 [main] INFO OpenCart - *** Providing login details ***
2024-11-28 13:58:26,369 [main] INFO OpenCart - *** Login started ***
2024-11-28 13:58:48,108 [main] INFO OpenCart - *** Searching customer by name ***
2024-11-28 13:58:59,452 [main] INFO OpenCart - *** Browser closed ***
2024-11-28 15:26:42,252 [main] INFO OpenCart - *** Launching browser ***
2024-11-28 15:31:26,682 [main] INFO OpenCart - *** Launching browser ***
2024-11-28 15:31:27,182 [main] INFO OpenCart - *** Opening URL ***
2024-11-28 15:31:41,561 [main] INFO OpenCart - *** Providing login details ***
2024-11-28 15:31:43,790 [main] INFO OpenCart - *** Login started ***
2024-11-28 15:32:00,987 [main] INFO OpenCart - *** Searching customer by email ***
2024-11-28 15:32:08,798 [main] INFO OpenCart - *** Browser closed ***
2024-11-28 15:44:28,493 [main] INFO OpenCart - *** Launching browser ***
2024-11-28 15:46:22,032 [main] INFO OpenCart - *** Opening URL ***
2024-11-28 15:48:24,553 [main] INFO OpenCart - *** Launching browser ***
2024-11-28 15:48:26,723 [main] INFO OpenCart - *** Opening URL ***
2024-11-28 15:48:46,763 [main] INFO OpenCart - *** Providing login details ***
2024-11-28 15:48:50,365 [main] INFO OpenCart - *** Login started ***
2024-11-28 15:49:14,686 [main] INFO OpenCart - *** Searching customer by email ***
2024-11-28 15:49:28,728 [main] INFO OpenCart - *** Browser closed ***
